Build started 02.09.2020 14:20:31.
     1>Project "C:\Users\Всеволод\Desktop\Clp-1.17.6\Clp-1.17.6\Clp\MSVisualStudio\v10\clp\clp.vcxproj" on node 2 (Rebuild target(s)).
     1>ClCompile:
         C:\Program Files (x86)\Microsoft Visual Studio 12.0\VC\bin\CL.exe /c /I..\..\..\..\CoinUtils\src /I..\..\..\..\BuildTools\headers /ZI /nologo /W3 /WX- /Od /Oy- /D CLP_BUILD /D WIN32 /D _DEBUG /D _CONSOLE /D _CRT_SECURE_NO_WARNINGS /D _CRT_SECURE_NO_DEPRECATE /D COIN_MSVS /D _VC80_UPGRADE=0x0710 /Gm /EHsc /RTC1 /MDd /GS /fp:precise /Zc:wchar_t /Zc:forScope /GR /Fo"Win32-v120-Debug\\" /Fd"Win32-v120-Debug\vc120.pdb" /Gd /TP /analyze- /errorReport:prompt ..\..\..\src\CbcOrClpParam.cpp ..\..\..\src\ClpMain.cpp ..\..\..\src\ClpSolver.cpp ..\..\..\src\MyEventHandler.cpp ..\..\..\src\MyMessageHandler.cpp ..\..\..\src\unitTest.cpp
         unitTest.cpp
         MyMessageHandler.cpp
         MyEventHandler.cpp
         ClpSolver.cpp
         ClpMain.cpp
         CbcOrClpParam.cpp
         Generating Code...
       Link:
         C:\Program Files (x86)\Microsoft Visual Studio 12.0\VC\bin\link.exe /ERRORREPORT:PROMPT /OUT:"C:\Users\Всеволод\Desktop\Clp-1.17.6\Clp-1.17.6\Clp\MSVisualStudio\v10\Win32-v120-Debug\clp.exe" /INCREMENTAL:NO /NOLOGO /LIBPATH:"C:\Users\Всеволод\Desktop\Clp-1.17.6\Clp-1.17.6\Clp\MSVisualStudio\v10\Win32-v120-Debug\\" /LIBPATH:"C:\Users\Всеволод\Desktop\Clp-1.17.6\Clp-1.17.6\Clp\MSVisualStudio\v10\Win32-v120-Debug\\" libCoinUtils.lib libClp.lib kernel32.lib user32.lib gdi32.lib winspool.lib comdlg32.lib advapi32.lib shell32.lib ole32.lib oleaut32.lib uuid.lib odbc32.lib odbccp32.lib /MANIFEST /MANIFESTUAC:"level='asInvoker' uiAccess='false'" /manifest:embed /DEBUG /PDB:"C:\Users\Всеволод\Desktop\Clp-1.17.6\Clp-1.17.6\Clp\MSVisualStudio\v10\Win32-v120-Debug\clp.pdb" /SUBSYSTEM:CONSOLE /TLBID:1 /DYNAMICBASE:NO /IMPLIB:"C:\Users\Всеволод\Desktop\Clp-1.17.6\Clp-1.17.6\Clp\MSVisualStudio\v10\Win32-v120-Debug\clp.lib" /MACHINE:X86 /SAFESEH "Win32-v120-Debug\CbcOrClpParam.obj"
         "Win32-v120-Debug\ClpMain.obj"
         "Win32-v120-Debug\ClpSolver.obj"
         "Win32-v120-Debug\MyEventHandler.obj"
         "Win32-v120-Debug\MyMessageHandler.obj"
         "Win32-v120-Debug\unitTest.obj"
     1>CbcOrClpParam.obj : warning LNK4075: ignoring '/EDITANDCONTINUE' due to '/OPT:LBR' specification
         clp.vcxproj -> C:\Users\Всеволод\Desktop\Clp-1.17.6\Clp-1.17.6\Clp\MSVisualStudio\v10\Win32-v120-Debug\clp.exe
     1>Done Building Project "C:\Users\Всеволод\Desktop\Clp-1.17.6\Clp-1.17.6\Clp\MSVisualStudio\v10\clp\clp.vcxproj" (Rebuild target(s)).

Build succeeded.

Time Elapsed 00:00:05.82
